-------------------------------------------------------------------------------
Test set: runnerFiles.TestRunner
-------------------------------------------------------------------------------
Tests run: 1, Failures: 0, Errors: 1, Skipped: 0, Time elapsed: 0.443 s <<< FAILURE! -- in runnerFiles.TestRunner
Data Extraction and Database Loading.Extract data from file and load into database -- Time elapsed: 0.089 s <<< ERROR!
io.cucumber.junit.UndefinedStepException: 
The step 'a CSV file "data.csv" with data' and 2 other step(s) are undefined.
You can implement these steps using the snippet(s) below:

@Given("a CSV file {string} with data")
public void a_csv_file_with_data(String string) {
    // Write code here that turns the phrase above into concrete actions
    throw new io.cucumber.java.PendingException();
}
@When("the data is extracted and transformed")
public void the_data_is_extracted_and_transformed() {
    // Write code here that turns the phrase above into concrete actions
    throw new io.cucumber.java.PendingException();
}
@Then("the transformed data should be loaded into the database")
public void the_transformed_data_should_be_loaded_into_the_database() {
    // Write code here that turns the phrase above into concrete actions
    throw new io.cucumber.java.PendingException();
}


