<?xml version="1.0" encoding="UTF-8"?>
<testsuite xmlns:xsi="http://www.w3.org/2001/XMLSchema-instance" xsi:noNamespaceSchemaLocation="https://maven.apache.org/surefire/maven-surefire-plugin/xsd/surefire-test-report.xsd" version="3.0.1" name="runnerFiles.TestRunner" time="0.443" tests="1" errors="1" skipped="0" failures="0">
  <properties>
[...]
</properties>
  <testcase name="Extract data from file and load into database" classname="Data Extraction and Database Loading" time="0.089">
    <error message="The step &apos;a CSV file &quot;data.csv&quot; with data&apos; and 2 other step(s) are undefined.&#10;You can implement these steps using the snippet(s) below:&#10;&#10;@Given(&quot;a CSV file {string} with data&quot;)&#10;public void a_csv_file_with_data(String string) {&#10;    // Write code here that turns the phrase above into concrete actions&#10;    throw new io.cucumber.java.PendingException();&#10;}&#10;@When(&quot;the data is extracted and transformed&quot;)&#10;public void the_data_is_extracted_and_transformed() {&#10;    // Write code here that turns the phrase above into concrete actions&#10;    throw new io.cucumber.java.PendingException();&#10;}&#10;@Then(&quot;the transformed data should be loaded into the database&quot;)&#10;public void the_transformed_data_should_be_loaded_into_the_database() {&#10;    // Write code here that turns the phrase above into concrete actions&#10;    throw new io.cucumber.java.PendingException();&#10;}&#10;" type="io.cucumber.junit.UndefinedStepException"><![CDATA[io.cucumber.junit.UndefinedStepException: 
The step 'a CSV file "data.csv" with data' and 2 other step(s) are undefined.
You can implement these steps using the snippet(s) below:

@Given("a CSV file {string} with data")
public void a_csv_file_with_data(String string) {
    // Write code here that turns the phrase above into concrete actions
    throw new io.cucumber.java.PendingException();
}
@When("the data is extracted and transformed")
public void the_data_is_extracted_and_transformed() {
    // Write code here that turns the phrase above into concrete actions
    throw new io.cucumber.java.PendingException();
}
@Then("the transformed data should be loaded into the database")
public void the_transformed_data_should_be_loaded_into_the_database() {
    // Write code here that turns the phrase above into concrete actions
    throw new io.cucumber.java.PendingException();
}

]]></error>
    <system-out><![CDATA[
@tag @tag1
Scenario: Extract data from file and load into database        &amp#27;[90m# src/test/java/cucumber_maven/features/DataExtraction.feature:24&amp#27;[0m
  &amp#27;[33mGiven &amp#27;[0m&amp#27;[33ma CSV file "data.csv" with data&amp#27;[0m
  &amp#27;[36mWhen &amp#27;[0m&amp#27;[36mthe data is extracted and transformed&amp#27;[0m
  &amp#27;[36mThen &amp#27;[0m&amp#27;[36mthe transformed data should be loaded into the database&amp#27;[0m
]]></system-out>
  </testcase>
</testsuite>