<?xml version="1.0" encoding="UTF-8"?>
<testng-results ignored="0" total="1" passed="1" failed="0" skipped="0">
  <reporter-output>
  </reporter-output>
  <suite started-at="2024-11-29T09:09:39 IST" name="Default suite" finished-at="2024-11-29T09:09:39 IST" duration-ms="702">
    <groups>
      <group name="cucumber">
        <method signature="AbstractTestNGCucumberTests.runScenario(io.cucumber.testng.PickleWrapper, io.cucumber.testng.FeatureWrapper)[pri:0, instance:runnerFiles.TestRunner@48fa0f47]" name="runScenario" class="io.cucumber.testng.AbstractTestNGCucumberTests"/>
      </group> <!-- cucumber -->
    </groups>
    <test started-at="2024-11-29T09:09:39 IST" name="Default test" finished-at="2024-11-29T09:09:39 IST" duration-ms="702">
      <class name="runnerFiles.TestRunner">
        <test-method is-config="true" signature="setUpClass(org.testng.ITestContext)[pri:0, instance:runnerFiles.TestRunner@48fa0f47]" started-at="2024-11-29T09:09:39 IST" name="setUpClass" finished-at="2024-11-29T09:09:39 IST" duration-ms="537" status="PASS">
          <params>
            <param index="0">
              <value>
                <![CDATA[org.testng.TestRunner@77192705]]>
              </value>
            </param>
          </params>
          <reporter-output>
          </reporter-output>
        </test-method> <!-- setUpClass -->
        <test-method signature="runScenario(io.cucumber.testng.PickleWrapper, io.cucumber.testng.FeatureWrapper)[pri:0, instance:runnerFiles.TestRunner@48fa0f47]" started-at="2024-11-29T09:09:39 IST" name="runScenario" description="Runs Cucumber Scenarios" data-provider="scenarios" finished-at="2024-11-29T09:09:39 IST" duration-ms="99" status="PASS">
          <params>
            <param index="0">
              <value>
                <![CDATA["Extract data from file and load into database"]]>
              </value>
            </param>
            <param index="1">
              <value>
                <![CDATA["Optional[Data Extraction and Database Loading]"]]>
              </value>
            </param>
          </params>
          <reporter-output>
          </reporter-output>
        </test-method> <!-- runScenario -->
        <test-method is-config="true" signature="tearDownClass()[pri:0, instance:runnerFiles.TestRunner@48fa0f47]" started-at="2024-11-29T09:09:39 IST" name="tearDownClass" finished-at="2024-11-29T09:09:39 IST" duration-ms="33" status="PASS">
          <reporter-output>
          </reporter-output>
        </test-method> <!-- tearDownClass -->
      </class> <!-- runnerFiles.TestRunner -->
    </test> <!-- Default test -->
  </suite> <!-- Default suite -->
</testng-results>
